[debug] [2022-02-03T10:04:29.967Z] ----------------------------------------------------------------------
[debug] [2022-02-03T10:04:29.969Z] Command:       D:\BIN\nodejs\node.exe D:\BIN\nodejs\node_modules\firebase-tools\lib\bin\firebase.js deploy
[debug] [2022-02-03T10:04:29.969Z] CLI Version:   10.0.1
[debug] [2022-02-03T10:04:29.970Z] Platform:      win32
[debug] [2022-02-03T10:04:29.970Z] Node Version:  v16.13.1
[debug] [2022-02-03T10:04:29.971Z] Time:          Thu Feb 03 2022 17:04:29 GMT+0700 (Indochina Time)
[debug] [2022-02-03T10:04:29.971Z] ----------------------------------------------------------------------
[debug] 
[debug] [2022-02-03T10:04:30.051Z] > command requires scopes: ["email","openid","https://www.googleapis.com/auth/cloudplatformprojects.readonly","https://www.googleapis.com/auth/firebase","https://www.googleapis.com/auth/cloud-platform"]
[debug] [2022-02-03T10:04:30.051Z] > authorizing via signed-in user (opsionalcom@gmail.com)
[debug] [2022-02-03T10:04:30.051Z] [iam] checking project puyup-app for permissions ["firebase.projects.get","firebasehosting.sites.update"]
[debug] [2022-02-03T10:04:30.053Z] > refreshing access token with scopes: ["email","https://www.googleapis.com/auth/cloud-platform","https://www.googleapis.com/auth/cloudplatformprojects.readonly","https://www.googleapis.com/auth/firebase","openid"]
[debug] [2022-02-03T10:04:30.054Z] >>> HTTP REQUEST POST https://www.googleapis.com/oauth2/v3/token  
 <request body omitted>
[debug] [2022-02-03T10:04:30.400Z] <<< HTTP RESPONSE 200 {"date":"Thu, 03 Feb 2022 10:04:29 GMT","pragma":"no-cache","expires":"Mon, 01 Jan 1990 00:00:00 GMT","cache-control":"no-cache, no-store, max-age=0, must-revalidate","content-type":"application/json; charset=utf-8","vary":"X-Origin, Referer, Origin,Accept-Encoding","server":"scaffolding on HTTPServer2","x-xss-protection":"0","x-frame-options":"SAMEORIGIN","x-content-type-options":"nosniff","alt-svc":"h3=\":443\"; ma=2592000,h3-29=\":443\"; ma=2592000,h3-Q050=\":443\"; ma=2592000,h3-Q046=\":443\"; ma=2592000,h3-Q043=\":443\"; ma=2592000,quic=\":443\"; ma=2592000; v=\"46,43\"","accept-ranges":"none","transfer-encoding":"chunked"}
[debug] [2022-02-03T10:04:30.431Z] >>> HTTP REQUEST POST https://cloudresourcemanager.googleapis.com/v1/projects/puyup-app:testIamPermissions  
 {"permissions":["firebase.projects.get","firebasehosting.sites.update"]}
[debug] [2022-02-03T10:04:32.041Z] <<< HTTP RESPONSE 200 {"content-type":"application/json; charset=UTF-8","vary":"X-Origin, Referer, Origin,Accept-Encoding","date":"Thu, 03 Feb 2022 10:04:31 GMT","server":"ESF","cache-control":"private","x-xss-protection":"0","x-frame-options":"SAMEORIGIN","x-content-type-options":"nosniff","server-timing":"gfet4t7; dur=1219","alt-svc":"h3=\":443\"; ma=2592000,h3-29=\":443\"; ma=2592000,h3-Q050=\":443\"; ma=2592000,h3-Q046=\":443\"; ma=2592000,h3-Q043=\":443\"; ma=2592000,quic=\":443\"; ma=2592000; v=\"46,43\"","accept-ranges":"none","transfer-encoding":"chunked"}
[debug] [2022-02-03T10:04:32.044Z] [iam] error while checking permissions, command may fail: FirebaseError: Authorization failed. This account is missing the following required permissions on project puyup-app:

  firebase.projects.get
  firebasehosting.sites.update
[debug] [2022-02-03T10:04:32.048Z] > refreshing access token with scopes: []
[debug] [2022-02-03T10:04:32.048Z] >>> HTTP REQUEST POST https://www.googleapis.com/oauth2/v3/token  
 <request body omitted>
[debug] [2022-02-03T10:04:32.263Z] <<< HTTP RESPONSE 200 {"date":"Thu, 03 Feb 2022 10:04:31 GMT","expires":"Mon, 01 Jan 1990 00:00:00 GMT","cache-control":"no-cache, no-store, max-age=0, must-revalidate","pragma":"no-cache","content-type":"application/json; charset=utf-8","vary":"X-Origin, Referer, Origin,Accept-Encoding","server":"scaffolding on HTTPServer2","x-xss-protection":"0","x-frame-options":"SAMEORIGIN","x-content-type-options":"nosniff","alt-svc":"h3=\":443\"; ma=2592000,h3-29=\":443\"; ma=2592000,h3-Q050=\":443\"; ma=2592000,h3-Q046=\":443\"; ma=2592000,h3-Q043=\":443\"; ma=2592000,quic=\":443\"; ma=2592000; v=\"46,43\"","accept-ranges":"none","transfer-encoding":"chunked"}
[debug] [2022-02-03T10:04:32.315Z] >>> [apiv2][query] GET https://firebase.googleapis.com/v1beta1/projects/puyup-app [none]
[debug] [2022-02-03T10:04:32.916Z] <<< [apiv2][status] GET https://firebase.googleapis.com/v1beta1/projects/puyup-app 403
[debug] [2022-02-03T10:04:32.917Z] <<< [apiv2][body] GET https://firebase.googleapis.com/v1beta1/projects/puyup-app {"error":{"code":403,"message":"The caller does not have permission","status":"PERMISSION_DENIED"}}
[debug] [2022-02-03T10:04:32.918Z] HTTP Error: 403, The caller does not have permission
[debug] [2022-02-03T10:04:32.922Z] FirebaseError: HTTP Error: 403, The caller does not have permission
    at module.exports (D:\BIN\nvm\v16.13.1\node_modules\firebase-tools\lib\responseToError.js:38:12)
    at Client.doRequest (D:\BIN\nvm\v16.13.1\node_modules\firebase-tools\lib\apiv2.js:241:23)
    at processTicksAndRejections (node:internal/process/task_queues:96:5)
    at async Client.request (D:\BIN\nvm\v16.13.1\node_modules\firebase-tools\lib\apiv2.js:96:20)
    at async Object.getFirebaseProject (D:\BIN\nvm\v16.13.1\node_modules\firebase-tools\lib\management\projects.js:290:21)
    at async Object.getDefaultHostingSite (D:\BIN\nvm\v16.13.1\node_modules\firebase-tools\lib\getDefaultHostingSite.js:8:21)
    at async requireHostingSite (D:\BIN\nvm\v16.13.1\node_modules\firebase-tools\lib\requireHostingSite.js:9:18)
    at async Object.fn (D:\BIN\nvm\v16.13.1\node_modules\firebase-tools\lib\commands\deploy.js:73:9)
    at async D:\BIN\nvm\v16.13.1\node_modules\firebase-tools\lib\command.js:188:17
[error] 
[error] Error: Failed to get Firebase project puyup-app. Please make sure the project exists and your account has permission to access it.
